<?xml version="1.0" encoding="UTF-8"?>
<!-- Generated by org.testng.reporters.JUnitXMLReporter -->
<testsuite ignored="0" hostname="LAPTOP-BMOADDSN" failures="1" tests="3" name="Stand ALone Test" time="35.1" errors="0" timestamp="2024-06-08T12:37:35 IST">
  <testcase classname="anirudh.Tests.standAlonetest" name="Testing" time="11.087"/>
  <testcase classname="anirudh.Tests.standAlonetest" name="Testing" time="7.426">
    <failure type="java.lang.AssertionError" message="expected [true] but found [false]">
      <![CDATA[java.lang.AssertionError: expected [true] but found [false]
at anirudh.Tests.standAlonetest.Testing(standAlonetest.java:52)
at java.base/java.util.ArrayList.forEach(ArrayList.java:1596)
... Removed 33 stack frames]]>
    </failure>
  </testcase> <!-- Testing -->
  <testcase classname="anirudh.Tests.standAlonetest" name="OrderHistory" time="0.0">
    <skipped/>
  </testcase> <!-- OrderHistory -->
</testsuite> <!-- Stand ALone Test -->
